This file contains any messages produced by compilers while
running configure, to aid debugging if configure makes a mistake.

It was created by wham configure 2.0, which was
generated by GNU Autoconf 2.69.  Invocation command line was

  $ ./configure 

## --------- ##
## Platform. ##
## --------- ##

hostname = wireless-10-147-98-144.public.utexas.edu
uname -m = x86_64
uname -r = 13.1.0
uname -s = Darwin
uname -v = Darwin Kernel Version 13.1.0: Wed Apr  2 23:52:02 PDT 2014; root:xnu-2422.92.1~2/RELEASE_X86_64

/usr/bin/uname -p = i386
/bin/uname -X     = unknown

/bin/arch              = unknown
/usr/bin/arch -k       = unknown
/usr/convex/getsysinfo = unknown
/usr/bin/hostinfo      = Mach kernel version:
	 Darwin Kernel Version 13.1.0: Wed Apr  2 23:52:02 PDT 2014; root:xnu-2422.92.1~2/RELEASE_X86_64
Kernel configured for up to 8 processors.
4 processors are physically available.
8 processors are logically available.
Processor type: i486 (Intel 80486)
Processors active: 0 1 2 3 4 5 6 7
Primary memory available: 16.00 gigabytes
Default processor set: 155 tasks, 714 threads, 8 processors
Load average: 1.00, Mach factor: 6.99
/bin/machine           = unknown
/usr/bin/oslevel       = unknown
/bin/universe          = unknown

PATH: /usr/local/gromacs/bin
PATH: /opt/local/bin
PATH: /opt/local/sbin
PATH: /usr/local/bin
PATH: /usr/bin
PATH: /bin
PATH: /usr/sbin
PATH: /sbin
PATH: /usr/X11/bin
PATH: /usr/local/gromacs/bin
PATH: /usr/local/apbs/bin
PATH: /usr/X11R6/bin
PATH: /Users/ritchie/software/tinker/bin
PATH: /Users/ritchie/software/amber12/bin
PATH: /anaconda/bin


## ----------- ##
## Core tests. ##
## ----------- ##

configure:2455: checking for a BSD-compatible install
configure:2523: result: /usr/bin/install -c
configure:2534: checking whether build environment is sane
configure:2589: result: yes
configure:2740: checking for a thread-safe mkdir -p
configure:2779: result: ./install-sh -c -d
configure:2786: checking for gawk
configure:2816: result: no
configure:2786: checking for mawk
configure:2816: result: no
configure:2786: checking for nawk
configure:2816: result: no
configure:2786: checking for awk
configure:2802: found /usr/bin/awk
configure:2813: result: awk
configure:2824: checking whether make sets $(MAKE)
configure:2846: result: yes
configure:2875: checking whether make supports nested variables
configure:2892: result: yes
configure:3077: checking for g++
configure:3093: found /usr/bin/g++
configure:3104: result: g++
configure:3131: checking for C++ compiler version
configure:3140: g++ --version >&5
Apple LLVM version 5.1 (clang-503.0.40) (based on LLVM 3.4svn)
Target: x86_64-apple-darwin13.1.0
Thread model: posix
Configured with: --prefix=/Applications/Xcode.app/Contents/Developer/usr --with-gxx-include-dir=/usr/include/c++/4.2.1
configure:3151: $? = 0
configure:3140: g++ -v >&5
Configured with: --prefix=/Applications/Xcode.app/Contents/Developer/usr --with-gxx-include-dir=/usr/include/c++/4.2.1
Apple LLVM version 5.1 (clang-503.0.40) (based on LLVM 3.4svn)
Target: x86_64-apple-darwin13.1.0
Thread model: posix
configure:3151: $? = 0
configure:3140: g++ -V >&5
clang: error: argument to '-V' is missing (expected 1 value)
clang: error: no input files
configure:3151: $? = 1
configure:3140: g++ -qversion >&5
clang: error: unknown argument: '-qversion' [-Wunused-command-line-argument-hard-error-in-future]
clang: note: this will be a hard error (cannot be downgraded to a warning) in the future
clang: error: no input files
configure:3151: $? = 1
configure:3171: checking whether the C++ compiler works
configure:3193: g++    conftest.cpp  >&5
configure:3197: $? = 0
configure:3245: result: yes
configure:3248: checking for C++ compiler default output file name
configure:3250: result: a.out
configure:3256: checking for suffix of executables
configure:3263: g++ -o conftest    conftest.cpp  >&5
configure:3267: $? = 0
configure:3289: result: 
configure:3311: checking whether we are cross compiling
configure:3319: g++ -o conftest    conftest.cpp  >&5
configure:3323: $? = 0
configure:3330: ./conftest
configure:3334: $? = 0
configure:3349: result: no
configure:3354: checking for suffix of object files
configure:3376: g++ -c   conftest.cpp >&5
configure:3380: $? = 0
configure:3401: result: o
configure:3405: checking whether we are using the GNU C++ compiler
configure:3424: g++ -c   conftest.cpp >&5
configure:3424: $? = 0
configure:3433: result: yes
configure:3442: checking whether g++ accepts -g
configure:3462: g++ -c -g  conftest.cpp >&5
configure:3462: $? = 0
configure:3503: result: yes
configure:3537: checking for style of include used by make
configure:3565: result: GNU
configure:3591: checking dependency style of g++
configure:3702: result: gcc3
configure:3765: checking for gcc
configure:3781: found /usr/bin/gcc
configure:3792: result: gcc
configure:4021: checking for C compiler version
configure:4030: gcc --version >&5
Apple LLVM version 5.1 (clang-503.0.40) (based on LLVM 3.4svn)
Target: x86_64-apple-darwin13.1.0
Thread model: posix
Configured with: --prefix=/Applications/Xcode.app/Contents/Developer/usr --with-gxx-include-dir=/usr/include/c++/4.2.1
configure:4041: $? = 0
configure:4030: gcc -v >&5
Configured with: --prefix=/Applications/Xcode.app/Contents/Developer/usr --with-gxx-include-dir=/usr/include/c++/4.2.1
Apple LLVM version 5.1 (clang-503.0.40) (based on LLVM 3.4svn)
Target: x86_64-apple-darwin13.1.0
Thread model: posix
configure:4041: $? = 0
configure:4030: gcc -V >&5
clang: error: argument to '-V' is missing (expected 1 value)
clang: error: no input files
configure:4041: $? = 1
configure:4030: gcc -qversion >&5
clang: error: unknown argument: '-qversion' [-Wunused-command-line-argument-hard-error-in-future]
clang: note: this will be a hard error (cannot be downgraded to a warning) in the future
clang: error: no input files
configure:4041: $? = 1
configure:4045: checking whether we are using the GNU C compiler
configure:4064: gcc -c   conftest.c >&5
configure:4064: $? = 0
configure:4073: result: yes
configure:4082: checking whether gcc accepts -g
configure:4102: gcc -c -g  conftest.c >&5
configure:4102: $? = 0
configure:4143: result: yes
configure:4160: checking for gcc option to accept ISO C89
configure:4223: gcc  -c -g -O2  conftest.c >&5
configure:4223: $? = 0
configure:4236: result: none needed
configure:4261: checking whether gcc understands -c and -o together
configure:4283: gcc -c conftest.c -o conftest2.o
configure:4286: $? = 0
configure:4283: gcc -c conftest.c -o conftest2.o
configure:4286: $? = 0
configure:4298: result: yes
configure:4317: checking dependency style of gcc
configure:4428: result: gcc3
configure:4472: checking build system type
configure:4486: result: x86_64-apple-darwin13.1.0
configure:4506: checking host system type
configure:4519: result: x86_64-apple-darwin13.1.0
configure:4560: checking how to print strings
configure:4587: result: printf
configure:4608: checking for a sed that does not truncate output
configure:4672: result: /usr/bin/sed
configure:4690: checking for grep that handles long lines and -e
configure:4748: result: /usr/bin/grep
configure:4753: checking for egrep
configure:4815: result: /usr/bin/grep -E
configure:4820: checking for fgrep
configure:4882: result: /usr/bin/grep -F
configure:4917: checking for ld used by gcc
configure:4984: result: /Applications/Xcode.app/Contents/Developer/Toolchains/XcodeDefault.xctoolchain/usr/bin/ld
configure:4991: checking if the linker (/Applications/Xcode.app/Contents/Developer/Toolchains/XcodeDefault.xctoolchain/usr/bin/ld) is GNU ld
configure:5006: result: no
configure:5018: checking for BSD- or MS-compatible name lister (nm)
configure:5067: result: /usr/bin/nm
configure:5197: checking the name lister (/usr/bin/nm) interface
configure:5204: gcc -c -g -O2  conftest.c >&5
configure:5207: /usr/bin/nm "conftest.o"
configure:5210: output
0000000000000224 S _some_variable
configure:5217: result: BSD nm
configure:5220: checking whether ln -s works
configure:5224: result: yes
configure:5232: checking the maximum length of command line arguments
configure:5362: result: 196608
configure:5379: checking whether the shell understands some XSI constructs
configure:5389: result: yes
configure:5393: checking whether the shell understands "+="
configure:5399: result: yes
configure:5434: checking how to convert x86_64-apple-darwin13.1.0 file names to x86_64-apple-darwin13.1.0 format
configure:5474: result: func_convert_file_noop
configure:5481: checking how to convert x86_64-apple-darwin13.1.0 file names to toolchain format
configure:5501: result: func_convert_file_noop
configure:5508: checking for /Applications/Xcode.app/Contents/Developer/Toolchains/XcodeDefault.xctoolchain/usr/bin/ld option to reload object files
configure:5515: result: -r
configure:5589: checking for objdump
configure:5619: result: no
configure:5648: checking how to recognize dependent libraries
configure:5850: result: pass_all
configure:5935: checking for dlltool
configure:5965: result: no
configure:5995: checking how to associate runtime and link libraries
configure:6022: result: printf %s\n
configure:6083: checking for ar
configure:6099: found /usr/bin/ar
configure:6110: result: ar
configure:6147: checking for archiver @FILE support
configure:6164: gcc -c -g -O2  conftest.c >&5
configure:6164: $? = 0
configure:6167: ar cru libconftest.a @conftest.lst >&5
ar: @conftest.lst: No such file or directory
configure:6170: $? = 1
configure:6190: result: no
configure:6248: checking for strip
configure:6264: found /usr/bin/strip
configure:6275: result: strip
configure:6347: checking for ranlib
configure:6363: found /usr/bin/ranlib
configure:6374: result: ranlib
configure:6476: checking command to parse /usr/bin/nm output from gcc object
configure:6596: gcc -c -g -O2  conftest.c >&5
configure:6599: $? = 0
configure:6603: /usr/bin/nm conftest.o \| sed -n -e 's/^.*[ ]\([BCDEGRST][BCDEGRST]*\)[ ][ ]*\([_A-Za-z][_A-Za-z0-9]*\)$/\1 \2 \2/p' | sed '/ __gnu_lto/d' \> conftest.nm
configure:6606: $? = 0
cannot find nm_test_var in conftest.nm
configure:6596: gcc -c -g -O2  conftest.c >&5
configure:6599: $? = 0
configure:6603: /usr/bin/nm conftest.o \| sed -n -e 's/^.*[ ]\([BCDEGRST][BCDEGRST]*\)[ ][ ]*_\([_A-Za-z][_A-Za-z0-9]*\)$/\1 _\2 \2/p' | sed '/ __gnu_lto/d' \> conftest.nm
configure:6606: $? = 0
configure:6672: gcc -o conftest -g -O2   conftest.c conftstm.o >&5
configure:6675: $? = 0
configure:6713: result: ok
configure:6750: checking for sysroot
configure:6780: result: no
configure:7036: checking for mt
configure:7066: result: no
configure:7086: checking if : is a manifest tool
configure:7092: : '-?'
configure:7100: result: no
configure:7156: checking for dsymutil
configure:7172: found /usr/bin/dsymutil
configure:7183: result: dsymutil
configure:7248: checking for nmedit
configure:7264: found /usr/bin/nmedit
configure:7275: result: nmedit
configure:7340: checking for lipo
configure:7356: found /usr/bin/lipo
configure:7367: result: lipo
configure:7432: checking for otool
configure:7448: found /usr/bin/otool
configure:7459: result: otool
configure:7524: checking for otool64
configure:7554: result: no
configure:7599: checking for -single_module linker flag
gcc -g -O2  -o libconftest.dylib -dynamiclib -Wl,-single_module conftest.c
configure:7632: result: yes
configure:7635: checking for -exported_symbols_list linker flag
configure:7655: gcc -o conftest -g -O2   -Wl,-exported_symbols_list,conftest.sym conftest.c  >&5
configure:7655: $? = 0
configure:7665: result: yes
configure:7668: checking for -force_load linker flag
gcc -g -O2 -c -o conftest.o conftest.c
ar cru libconftest.a conftest.o
ranlib libconftest.a
gcc -g -O2  -o conftest conftest.c -Wl,-force_load,./libconftest.a
configure:7700: result: yes
configure:7742: checking how to run the C preprocessor
configure:7773: gcc -E  conftest.c
configure:7773: $? = 0
configure:7787: gcc -E  conftest.c
conftest.c:11:10: fatal error: 'ac_nonexistent.h' file not found
#include <ac_nonexistent.h>
         ^
1 error generated.
configure:7787: $? = 1
configure: failed program was:
| /* confdefs.h */
| #define PACKAGE_NAME "wham"
| #define PACKAGE_TARNAME "wham"
| #define PACKAGE_VERSION "2.0"
| #define PACKAGE_STRING "wham 2.0"
| #define PACKAGE_BUGREPORT "drew.w.ritchie@gmail.com"
| #define PACKAGE_URL ""
| #define PACKAGE "wham"
| #define VERSION "2.0"
| /* end confdefs.h.  */
| #include <ac_nonexistent.h>
configure:7812: result: gcc -E
configure:7832: gcc -E  conftest.c
configure:7832: $? = 0
configure:7846: gcc -E  conftest.c
conftest.c:11:10: fatal error: 'ac_nonexistent.h' file not found
#include <ac_nonexistent.h>
         ^
1 error generated.
configure:7846: $? = 1
configure: failed program was:
| /* confdefs.h */
| #define PACKAGE_NAME "wham"
| #define PACKAGE_TARNAME "wham"
| #define PACKAGE_VERSION "2.0"
| #define PACKAGE_STRING "wham 2.0"
| #define PACKAGE_BUGREPORT "drew.w.ritchie@gmail.com"
| #define PACKAGE_URL ""
| #define PACKAGE "wham"
| #define VERSION "2.0"
| /* end confdefs.h.  */
| #include <ac_nonexistent.h>
configure:7875: checking for ANSI C header files
configure:7895: gcc -c -g -O2  conftest.c >&5
configure:7895: $? = 0
configure:7968: gcc -o conftest -g -O2   conftest.c  >&5
configure:7968: $? = 0
configure:7968: ./conftest
configure:7968: $? = 0
configure:7979: result: yes
configure:7992: checking for sys/types.h
configure:7992: gcc -c -g -O2  conftest.c >&5
configure:7992: $? = 0
configure:7992: result: yes
configure:7992: checking for sys/stat.h
configure:7992: gcc -c -g -O2  conftest.c >&5
configure:7992: $? = 0
configure:7992: result: yes
configure:7992: checking for stdlib.h
configure:7992: gcc -c -g -O2  conftest.c >&5
configure:7992: $? = 0
configure:7992: result: yes
configure:7992: checking for string.h
configure:7992: gcc -c -g -O2  conftest.c >&5
configure:7992: $? = 0
configure:7992: result: yes
configure:7992: checking for memory.h
configure:7992: gcc -c -g -O2  conftest.c >&5
configure:7992: $? = 0
configure:7992: result: yes
configure:7992: checking for strings.h
configure:7992: gcc -c -g -O2  conftest.c >&5
configure:7992: $? = 0
configure:7992: result: yes
configure:7992: checking for inttypes.h
configure:7992: gcc -c -g -O2  conftest.c >&5
configure:7992: $? = 0
configure:7992: result: yes
configure:7992: checking for stdint.h
configure:7992: gcc -c -g -O2  conftest.c >&5
configure:7992: $? = 0
configure:7992: result: yes
configure:7992: checking for unistd.h
configure:7992: gcc -c -g -O2  conftest.c >&5
configure:7992: $? = 0
configure:7992: result: yes
configure:8006: checking for dlfcn.h
configure:8006: gcc -c -g -O2  conftest.c >&5
configure:8006: $? = 0
configure:8006: result: yes
configure:8223: checking for objdir
configure:8238: result: .libs
configure:8509: checking if gcc supports -fno-rtti -fno-exceptions
configure:8527: gcc -c -g -O2  -fno-rtti -fno-exceptions conftest.c >&5
configure:8531: $? = 0
configure:8544: result: yes
configure:8871: checking for gcc option to produce PIC
configure:8878: result: -fno-common -DPIC
configure:8886: checking if gcc PIC flag -fno-common -DPIC works
configure:8904: gcc -c -g -O2  -fno-common -DPIC -DPIC conftest.c >&5
configure:8908: $? = 0
configure:8921: result: yes
configure:8950: checking if gcc static flag -static works
configure:8978: result: no
configure:8993: checking if gcc supports -c -o file.o
configure:9014: gcc -c -g -O2  -o out/conftest2.o conftest.c >&5
configure:9018: $? = 0
configure:9040: result: yes
configure:9048: checking if gcc supports -c -o file.o
configure:9095: result: yes
configure:9128: checking whether the gcc linker (/Applications/Xcode.app/Contents/Developer/Toolchains/XcodeDefault.xctoolchain/usr/bin/ld) supports shared libraries
configure:10281: result: yes
configure:10521: checking dynamic linker characteristics
configure:11254: result: darwin13.1.0 dyld
configure:11361: checking how to hardcode library paths into programs
configure:11386: result: immediate
configure:11926: checking whether stripping libraries is possible
configure:11940: result: yes
configure:11966: checking if libtool supports shared libraries
configure:11968: result: yes
configure:11971: checking whether to build shared libraries
configure:11992: result: yes
configure:11995: checking whether to build static libraries
configure:11999: result: yes
configure:12022: checking how to run the C++ preprocessor
configure:12049: g++ -E  conftest.cpp
configure:12049: $? = 0
configure:12063: g++ -E  conftest.cpp
conftest.cpp:23:10: fatal error: 'ac_nonexistent.h' file not found
#include <ac_nonexistent.h>
         ^
1 error generated.
configure:12063: $? = 1
configure: failed program was:
| /* confdefs.h */
| #define PACKAGE_NAME "wham"
| #define PACKAGE_TARNAME "wham"
| #define PACKAGE_VERSION "2.0"
| #define PACKAGE_STRING "wham 2.0"
| #define PACKAGE_BUGREPORT "drew.w.ritchie@gmail.com"
| #define PACKAGE_URL ""
| #define PACKAGE "wham"
| #define VERSION "2.0"
| #define STDC_HEADERS 1
| #define HAVE_SYS_TYPES_H 1
| #define HAVE_SYS_STAT_H 1
| #define HAVE_STDLIB_H 1
| #define HAVE_STRING_H 1
| #define HAVE_MEMORY_H 1
| #define HAVE_STRINGS_H 1
| #define HAVE_INTTYPES_H 1
| #define HAVE_STDINT_H 1
| #define HAVE_UNISTD_H 1
| #define HAVE_DLFCN_H 1
| #define LT_OBJDIR ".libs/"
| /* end confdefs.h.  */
| #include <ac_nonexistent.h>
configure:12088: result: g++ -E
configure:12108: g++ -E  conftest.cpp
configure:12108: $? = 0
configure:12122: g++ -E  conftest.cpp
conftest.cpp:23:10: fatal error: 'ac_nonexistent.h' file not found
#include <ac_nonexistent.h>
         ^
1 error generated.
configure:12122: $? = 1
configure: failed program was:
| /* confdefs.h */
| #define PACKAGE_NAME "wham"
| #define PACKAGE_TARNAME "wham"
| #define PACKAGE_VERSION "2.0"
| #define PACKAGE_STRING "wham 2.0"
| #define PACKAGE_BUGREPORT "drew.w.ritchie@gmail.com"
| #define PACKAGE_URL ""
| #define PACKAGE "wham"
| #define VERSION "2.0"
| #define STDC_HEADERS 1
| #define HAVE_SYS_TYPES_H 1
| #define HAVE_SYS_STAT_H 1
| #define HAVE_STDLIB_H 1
| #define HAVE_STRING_H 1
| #define HAVE_MEMORY_H 1
| #define HAVE_STRINGS_H 1
| #define HAVE_INTTYPES_H 1
| #define HAVE_STDINT_H 1
| #define HAVE_UNISTD_H 1
| #define HAVE_DLFCN_H 1
| #define LT_OBJDIR ".libs/"
| /* end confdefs.h.  */
| #include <ac_nonexistent.h>
configure:12291: checking for ld used by g++
configure:12358: result: /Applications/Xcode.app/Contents/Developer/Toolchains/XcodeDefault.xctoolchain/usr/bin/ld
configure:12365: checking if the linker (/Applications/Xcode.app/Contents/Developer/Toolchains/XcodeDefault.xctoolchain/usr/bin/ld) is GNU ld
configure:12380: result: no
configure:12435: checking whether the g++ linker (/Applications/Xcode.app/Contents/Developer/Toolchains/XcodeDefault.xctoolchain/usr/bin/ld) supports shared libraries
configure:13440: result: yes
configure:13476: g++ -c -g -O2  conftest.cpp >&5
configure:13479: $? = 0
configure:13999: checking for g++ option to produce PIC
configure:14006: result: -fno-common -DPIC
configure:14014: checking if g++ PIC flag -fno-common -DPIC works
configure:14032: g++ -c -g -O2  -fno-common -DPIC -DPIC conftest.cpp >&5
configure:14036: $? = 0
configure:14049: result: yes
configure:14072: checking if g++ static flag -static works
configure:14100: result: no
configure:14112: checking if g++ supports -c -o file.o
configure:14133: g++ -c -g -O2  -o out/conftest2.o conftest.cpp >&5
configure:14137: $? = 0
configure:14159: result: yes
configure:14164: checking if g++ supports -c -o file.o
configure:14211: result: yes
configure:14241: checking whether the g++ linker (/Applications/Xcode.app/Contents/Developer/Toolchains/XcodeDefault.xctoolchain/usr/bin/ld) supports shared libraries
configure:14277: result: yes
configure:14418: checking dynamic linker characteristics
configure:15085: result: darwin13.1.0 dyld
configure:15138: checking how to hardcode library paths into programs
configure:15163: result: immediate
configure: this is boost.m4 serial 18
configure:15261: checking for Boost headers version >= 0.0.0
configure:15332: g++ -c -Wall -O3  conftest.cpp >&5
configure:15332: $? = 0
configure:15353: result: yes
configure:15374: checking for Boost's header version
configure:15392: result: 1_55
configure:15404: checking for the toolset name used by Boost for g++
configure:15479: g++ -c -Wall -O3  conftest.cpp >&5
conftest.cpp:28:3: error: defined __GNUC__ && __GNUC__ == 4 && __GNUC_MINOR__ == 8 && !defined __ICC
# error defined __GNUC__ && __GNUC__ == 4 && __GNUC_MINOR__ == 8 && !defined __ICC
  ^
1 error generated.
configure:15479: $? = 1
configure: failed program was:
| /* confdefs.h */
| #define PACKAGE_NAME "wham"
| #define PACKAGE_TARNAME "wham"
| #define PACKAGE_VERSION "2.0"
| #define PACKAGE_STRING "wham 2.0"
| #define PACKAGE_BUGREPORT "drew.w.ritchie@gmail.com"
| #define PACKAGE_URL ""
| #define PACKAGE "wham"
| #define VERSION "2.0"
| #define STDC_HEADERS 1
| #define HAVE_SYS_TYPES_H 1
| #define HAVE_SYS_STAT_H 1
| #define HAVE_STDLIB_H 1
| #define HAVE_STRING_H 1
| #define HAVE_MEMORY_H 1
| #define HAVE_STRINGS_H 1
| #define HAVE_INTTYPES_H 1
| #define HAVE_STDINT_H 1
| #define HAVE_UNISTD_H 1
| #define HAVE_DLFCN_H 1
| #define LT_OBJDIR ".libs/"
| #define HAVE_BOOST 1
| /* end confdefs.h.  */
| 
| #if defined __GNUC__ && __GNUC__ == 4 && __GNUC_MINOR__ == 8 && !defined __ICC
| /* OK */
| #else
| # error defined __GNUC__ && __GNUC__ == 4 && __GNUC_MINOR__ == 8 && !defined __ICC
| #endif
| 
| int
| main ()
| {
| 
|   ;
|   return 0;
| }
configure:15479: g++ -c -Wall -O3  conftest.cpp >&5
conftest.cpp:28:3: error: defined __GNUC__ && __GNUC__ == 4 && __GNUC_MINOR__ == 7 && !defined __ICC
# error defined __GNUC__ && __GNUC__ == 4 && __GNUC_MINOR__ == 7 && !defined __ICC
  ^
1 error generated.
configure:15479: $? = 1
configure: failed program was:
| /* confdefs.h */
| #define PACKAGE_NAME "wham"
| #define PACKAGE_TARNAME "wham"
| #define PACKAGE_VERSION "2.0"
| #define PACKAGE_STRING "wham 2.0"
| #define PACKAGE_BUGREPORT "drew.w.ritchie@gmail.com"
| #define PACKAGE_URL ""
| #define PACKAGE "wham"
| #define VERSION "2.0"
| #define STDC_HEADERS 1
| #define HAVE_SYS_TYPES_H 1
| #define HAVE_SYS_STAT_H 1
| #define HAVE_STDLIB_H 1
| #define HAVE_STRING_H 1
| #define HAVE_MEMORY_H 1
| #define HAVE_STRINGS_H 1
| #define HAVE_INTTYPES_H 1
| #define HAVE_STDINT_H 1
| #define HAVE_UNISTD_H 1
| #define HAVE_DLFCN_H 1
| #define LT_OBJDIR ".libs/"
| #define HAVE_BOOST 1
| /* end confdefs.h.  */
| 
| #if defined __GNUC__ && __GNUC__ == 4 && __GNUC_MINOR__ == 7 && !defined __ICC
| /* OK */
| #else
| # error defined __GNUC__ && __GNUC__ == 4 && __GNUC_MINOR__ == 7 && !defined __ICC
| #endif
| 
| int
| main ()
| {
| 
|   ;
|   return 0;
| }
configure:15479: g++ -c -Wall -O3  conftest.cpp >&5
conftest.cpp:28:3: error: defined __GNUC__ && __GNUC__ == 4 && __GNUC_MINOR__ == 6 && !defined __ICC
# error defined __GNUC__ && __GNUC__ == 4 && __GNUC_MINOR__ == 6 && !defined __ICC
  ^
1 error generated.
configure:15479: $? = 1
configure: failed program was:
| /* confdefs.h */
| #define PACKAGE_NAME "wham"
| #define PACKAGE_TARNAME "wham"
| #define PACKAGE_VERSION "2.0"
| #define PACKAGE_STRING "wham 2.0"
| #define PACKAGE_BUGREPORT "drew.w.ritchie@gmail.com"
| #define PACKAGE_URL ""
| #define PACKAGE "wham"
| #define VERSION "2.0"
| #define STDC_HEADERS 1
| #define HAVE_SYS_TYPES_H 1
| #define HAVE_SYS_STAT_H 1
| #define HAVE_STDLIB_H 1
| #define HAVE_STRING_H 1
| #define HAVE_MEMORY_H 1
| #define HAVE_STRINGS_H 1
| #define HAVE_INTTYPES_H 1
| #define HAVE_STDINT_H 1
| #define HAVE_UNISTD_H 1
| #define HAVE_DLFCN_H 1
| #define LT_OBJDIR ".libs/"
| #define HAVE_BOOST 1
| /* end confdefs.h.  */
| 
| #if defined __GNUC__ && __GNUC__ == 4 && __GNUC_MINOR__ == 6 && !defined __ICC
| /* OK */
| #else
| # error defined __GNUC__ && __GNUC__ == 4 && __GNUC_MINOR__ == 6 && !defined __ICC
| #endif
| 
| int
| main ()
| {
| 
|   ;
|   return 0;
| }
configure:15479: g++ -c -Wall -O3  conftest.cpp >&5
conftest.cpp:28:3: error: defined __GNUC__ && __GNUC__ == 4 && __GNUC_MINOR__ == 5 && !defined __ICC
# error defined __GNUC__ && __GNUC__ == 4 && __GNUC_MINOR__ == 5 && !defined __ICC
  ^
1 error generated.
configure:15479: $? = 1
configure: failed program was:
| /* confdefs.h */
| #define PACKAGE_NAME "wham"
| #define PACKAGE_TARNAME "wham"
| #define PACKAGE_VERSION "2.0"
| #define PACKAGE_STRING "wham 2.0"
| #define PACKAGE_BUGREPORT "drew.w.ritchie@gmail.com"
| #define PACKAGE_URL ""
| #define PACKAGE "wham"
| #define VERSION "2.0"
| #define STDC_HEADERS 1
| #define HAVE_SYS_TYPES_H 1
| #define HAVE_SYS_STAT_H 1
| #define HAVE_STDLIB_H 1
| #define HAVE_STRING_H 1
| #define HAVE_MEMORY_H 1
| #define HAVE_STRINGS_H 1
| #define HAVE_INTTYPES_H 1
| #define HAVE_STDINT_H 1
| #define HAVE_UNISTD_H 1
| #define HAVE_DLFCN_H 1
| #define LT_OBJDIR ".libs/"
| #define HAVE_BOOST 1
| /* end confdefs.h.  */
| 
| #if defined __GNUC__ && __GNUC__ == 4 && __GNUC_MINOR__ == 5 && !defined __ICC
| /* OK */
| #else
| # error defined __GNUC__ && __GNUC__ == 4 && __GNUC_MINOR__ == 5 && !defined __ICC
| #endif
| 
| int
| main ()
| {
| 
|   ;
|   return 0;
| }
configure:15479: g++ -c -Wall -O3  conftest.cpp >&5
conftest.cpp:28:3: error: defined __GNUC__ && __GNUC__ == 4 && __GNUC_MINOR__ == 4 && !defined __ICC
# error defined __GNUC__ && __GNUC__ == 4 && __GNUC_MINOR__ == 4 && !defined __ICC
  ^
1 error generated.
configure:15479: $? = 1
configure: failed program was:
| /* confdefs.h */
| #define PACKAGE_NAME "wham"
| #define PACKAGE_TARNAME "wham"
| #define PACKAGE_VERSION "2.0"
| #define PACKAGE_STRING "wham 2.0"
| #define PACKAGE_BUGREPORT "drew.w.ritchie@gmail.com"
| #define PACKAGE_URL ""
| #define PACKAGE "wham"
| #define VERSION "2.0"
| #define STDC_HEADERS 1
| #define HAVE_SYS_TYPES_H 1
| #define HAVE_SYS_STAT_H 1
| #define HAVE_STDLIB_H 1
| #define HAVE_STRING_H 1
| #define HAVE_MEMORY_H 1
| #define HAVE_STRINGS_H 1
| #define HAVE_INTTYPES_H 1
| #define HAVE_STDINT_H 1
| #define HAVE_UNISTD_H 1
| #define HAVE_DLFCN_H 1
| #define LT_OBJDIR ".libs/"
| #define HAVE_BOOST 1
| /* end confdefs.h.  */
| 
| #if defined __GNUC__ && __GNUC__ == 4 && __GNUC_MINOR__ == 4 && !defined __ICC
| /* OK */
| #else
| # error defined __GNUC__ && __GNUC__ == 4 && __GNUC_MINOR__ == 4 && !defined __ICC
| #endif
| 
| int
| main ()
| {
| 
|   ;
|   return 0;
| }
configure:15479: g++ -c -Wall -O3  conftest.cpp >&5
conftest.cpp:28:3: error: defined __GNUC__ && __GNUC__ == 4 && __GNUC_MINOR__ == 3 && !defined __ICC
# error defined __GNUC__ && __GNUC__ == 4 && __GNUC_MINOR__ == 3 && !defined __ICC
  ^
1 error generated.
configure:15479: $? = 1
configure: failed program was:
| /* confdefs.h */
| #define PACKAGE_NAME "wham"
| #define PACKAGE_TARNAME "wham"
| #define PACKAGE_VERSION "2.0"
| #define PACKAGE_STRING "wham 2.0"
| #define PACKAGE_BUGREPORT "drew.w.ritchie@gmail.com"
| #define PACKAGE_URL ""
| #define PACKAGE "wham"
| #define VERSION "2.0"
| #define STDC_HEADERS 1
| #define HAVE_SYS_TYPES_H 1
| #define HAVE_SYS_STAT_H 1
| #define HAVE_STDLIB_H 1
| #define HAVE_STRING_H 1
| #define HAVE_MEMORY_H 1
| #define HAVE_STRINGS_H 1
| #define HAVE_INTTYPES_H 1
| #define HAVE_STDINT_H 1
| #define HAVE_UNISTD_H 1
| #define HAVE_DLFCN_H 1
| #define LT_OBJDIR ".libs/"
| #define HAVE_BOOST 1
| /* end confdefs.h.  */
| 
| #if defined __GNUC__ && __GNUC__ == 4 && __GNUC_MINOR__ == 3 && !defined __ICC
| /* OK */
| #else
| # error defined __GNUC__ && __GNUC__ == 4 && __GNUC_MINOR__ == 3 && !defined __ICC
| #endif
| 
| int
| main ()
| {
| 
|   ;
|   return 0;
| }
configure:15479: g++ -c -Wall -O3  conftest.cpp >&5
configure:15479: $? = 0
configure:15514: result: xgcc42 -xgcc
configure:15541: gcc -c -g -O2  conftest.c >&5
conftest.c:28:3: error: MT not needed
# error MT not needed
  ^
1 error generated.
configure:15541: $? = 1
configure: failed program was:
| /* confdefs.h */
| #define PACKAGE_NAME "wham"
| #define PACKAGE_TARNAME "wham"
| #define PACKAGE_VERSION "2.0"
| #define PACKAGE_STRING "wham 2.0"
| #define PACKAGE_BUGREPORT "drew.w.ritchie@gmail.com"
| #define PACKAGE_URL ""
| #define PACKAGE "wham"
| #define VERSION "2.0"
| #define STDC_HEADERS 1
| #define HAVE_SYS_TYPES_H 1
| #define HAVE_SYS_STAT_H 1
| #define HAVE_STDLIB_H 1
| #define HAVE_STRING_H 1
| #define HAVE_MEMORY_H 1
| #define HAVE_STRINGS_H 1
| #define HAVE_INTTYPES_H 1
| #define HAVE_STDINT_H 1
| #define HAVE_UNISTD_H 1
| #define HAVE_DLFCN_H 1
| #define LT_OBJDIR ".libs/"
| #define HAVE_BOOST 1
| /* end confdefs.h.  */
| 
| #if defined _REENTRANT || defined _MT || defined __MT__
| /* use -mt */
| #else
| # error MT not needed
| #endif
| 
| int
| main ()
| {
| 
|   ;
|   return 0;
| }
configure:15569: checking boost/program_options.hpp usability
configure:15569: g++ -c -Wall -O3  -Iyes conftest.cpp >&5
configure:15569: $? = 0
configure:15569: result: yes
configure:15569: checking boost/program_options.hpp presence
configure:15569: g++ -E  -Iyes conftest.cpp
configure:15569: $? = 0
configure:15569: result: yes
configure:15569: checking for boost/program_options.hpp
configure:15569: result: yes
configure:15596: checking for the Boost program_options library
configure:15638: g++ -c -Wall -O3  -Iyes conftest.cpp >&5
configure:15638: $? = 0
configure:15689: re-using the existing conftest.o
configure:15695: g++ -o conftest -Wall -O3  -Iyes  -L/usr/local/lib conftest.o -lboost_program_options-xgcc42-mt-1_55  >&5
ld: library not found for -lboost_program_options-xgcc42-mt-1_55
clang: error: linker command failed with exit code 1 (use -v to see invocation)
configure:15704: $? = 1
configure:15689: re-using the existing conftest.o
configure:15695: g++ -o conftest -Wall -O3  -Iyes  -L/usr/lib conftest.o -lboost_program_options-xgcc42-mt-1_55  >&5
ld: library not found for -lboost_program_options-xgcc42-mt-1_55
clang: error: linker command failed with exit code 1 (use -v to see invocation)
configure:15704: $? = 1
configure:15689: re-using the existing conftest.o
configure:15695: g++ -o conftest -Wall -O3  -Iyes  -L/usr/libexec conftest.o -lboost_program_options-xgcc42-mt-1_55  >&5
ld: library not found for -lboost_program_options-xgcc42-mt-1_55
clang: error: linker command failed with exit code 1 (use -v to see invocation)
configure:15704: $? = 1
configure:15689: re-using the existing conftest.o
configure:15695: g++ -o conftest -Wall -O3  -Iyes  -L/usr/local/lib conftest.o -lboost_program_options-xgcc42-1_55  >&5
ld: library not found for -lboost_program_options-xgcc42-1_55
clang: error: linker command failed with exit code 1 (use -v to see invocation)
configure:15704: $? = 1
configure:15689: re-using the existing conftest.o
configure:15695: g++ -o conftest -Wall -O3  -Iyes  -L/usr/lib conftest.o -lboost_program_options-xgcc42-1_55  >&5
ld: library not found for -lboost_program_options-xgcc42-1_55
clang: error: linker command failed with exit code 1 (use -v to see invocation)
configure:15704: $? = 1
configure:15689: re-using the existing conftest.o
configure:15695: g++ -o conftest -Wall -O3  -Iyes  -L/usr/libexec conftest.o -lboost_program_options-xgcc42-1_55  >&5
ld: library not found for -lboost_program_options-xgcc42-1_55
clang: error: linker command failed with exit code 1 (use -v to see invocation)
configure:15704: $? = 1
configure:15689: re-using the existing conftest.o
configure:15695: g++ -o conftest -Wall -O3  -Iyes  -L/usr/local/lib conftest.o -lboost_program_options-xgcc42-mt-d-1_55  >&5
ld: library not found for -lboost_program_options-xgcc42-mt-d-1_55
clang: error: linker command failed with exit code 1 (use -v to see invocation)
configure:15704: $? = 1
configure:15689: re-using the existing conftest.o
configure:15695: g++ -o conftest -Wall -O3  -Iyes  -L/usr/lib conftest.o -lboost_program_options-xgcc42-mt-d-1_55  >&5
ld: library not found for -lboost_program_options-xgcc42-mt-d-1_55
clang: error: linker command failed with exit code 1 (use -v to see invocation)
configure:15704: $? = 1
configure:15689: re-using the existing conftest.o
configure:15695: g++ -o conftest -Wall -O3  -Iyes  -L/usr/libexec conftest.o -lboost_program_options-xgcc42-mt-d-1_55  >&5
ld: library not found for -lboost_program_options-xgcc42-mt-d-1_55
clang: error: linker command failed with exit code 1 (use -v to see invocation)
configure:15704: $? = 1
configure:15689: re-using the existing conftest.o
configure:15695: g++ -o conftest -Wall -O3  -Iyes  -L/usr/local/lib conftest.o -lboost_program_options-xgcc42-d-1_55  >&5
ld: library not found for -lboost_program_options-xgcc42-d-1_55
clang: error: linker command failed with exit code 1 (use -v to see invocation)
configure:15704: $? = 1
configure:15689: re-using the existing conftest.o
configure:15695: g++ -o conftest -Wall -O3  -Iyes  -L/usr/lib conftest.o -lboost_program_options-xgcc42-d-1_55  >&5
ld: library not found for -lboost_program_options-xgcc42-d-1_55
clang: error: linker command failed with exit code 1 (use -v to see invocation)
configure:15704: $? = 1
configure:15689: re-using the existing conftest.o
configure:15695: g++ -o conftest -Wall -O3  -Iyes  -L/usr/libexec conftest.o -lboost_program_options-xgcc42-d-1_55  >&5
ld: library not found for -lboost_program_options-xgcc42-d-1_55
clang: error: linker command failed with exit code 1 (use -v to see invocation)
configure:15704: $? = 1
configure:15689: re-using the existing conftest.o
configure:15695: g++ -o conftest -Wall -O3  -Iyes  -L/usr/local/lib conftest.o -lboost_program_options-xgcc42-mt  >&5
ld: library not found for -lboost_program_options-xgcc42-mt
clang: error: linker command failed with exit code 1 (use -v to see invocation)
configure:15704: $? = 1
configure:15689: re-using the existing conftest.o
configure:15695: g++ -o conftest -Wall -O3  -Iyes  -L/usr/lib conftest.o -lboost_program_options-xgcc42-mt  >&5
ld: library not found for -lboost_program_options-xgcc42-mt
clang: error: linker command failed with exit code 1 (use -v to see invocation)
configure:15704: $? = 1
configure:15689: re-using the existing conftest.o
configure:15695: g++ -o conftest -Wall -O3  -Iyes  -L/usr/libexec conftest.o -lboost_program_options-xgcc42-mt  >&5
ld: library not found for -lboost_program_options-xgcc42-mt
clang: error: linker command failed with exit code 1 (use -v to see invocation)
configure:15704: $? = 1
configure:15689: re-using the existing conftest.o
configure:15695: g++ -o conftest -Wall -O3  -Iyes  -L/usr/local/lib conftest.o -lboost_program_options-xgcc42  >&5
ld: library not found for -lboost_program_options-xgcc42
clang: error: linker command failed with exit code 1 (use -v to see invocation)
configure:15704: $? = 1
configure:15689: re-using the existing conftest.o
configure:15695: g++ -o conftest -Wall -O3  -Iyes  -L/usr/lib conftest.o -lboost_program_options-xgcc42  >&5
ld: library not found for -lboost_program_options-xgcc42
clang: error: linker command failed with exit code 1 (use -v to see invocation)
configure:15704: $? = 1
configure:15689: re-using the existing conftest.o
configure:15695: g++ -o conftest -Wall -O3  -Iyes  -L/usr/libexec conftest.o -lboost_program_options-xgcc42  >&5
ld: library not found for -lboost_program_options-xgcc42
clang: error: linker command failed with exit code 1 (use -v to see invocation)
configure:15704: $? = 1
configure:15689: re-using the existing conftest.o
configure:15695: g++ -o conftest -Wall -O3  -Iyes  -L/usr/local/lib conftest.o -lboost_program_options-xgcc42-mt-d  >&5
ld: library not found for -lboost_program_options-xgcc42-mt-d
clang: error: linker command failed with exit code 1 (use -v to see invocation)
configure:15704: $? = 1
configure:15689: re-using the existing conftest.o
configure:15695: g++ -o conftest -Wall -O3  -Iyes  -L/usr/lib conftest.o -lboost_program_options-xgcc42-mt-d  >&5
ld: library not found for -lboost_program_options-xgcc42-mt-d
clang: error: linker command failed with exit code 1 (use -v to see invocation)
configure:15704: $? = 1
configure:15689: re-using the existing conftest.o
configure:15695: g++ -o conftest -Wall -O3  -Iyes  -L/usr/libexec conftest.o -lboost_program_options-xgcc42-mt-d  >&5
ld: library not found for -lboost_program_options-xgcc42-mt-d
clang: error: linker command failed with exit code 1 (use -v to see invocation)
configure:15704: $? = 1
configure:15689: re-using the existing conftest.o
configure:15695: g++ -o conftest -Wall -O3  -Iyes  -L/usr/local/lib conftest.o -lboost_program_options-xgcc42-d  >&5
ld: library not found for -lboost_program_options-xgcc42-d
clang: error: linker command failed with exit code 1 (use -v to see invocation)
configure:15704: $? = 1
configure:15689: re-using the existing conftest.o
configure:15695: g++ -o conftest -Wall -O3  -Iyes  -L/usr/lib conftest.o -lboost_program_options-xgcc42-d  >&5
ld: library not found for -lboost_program_options-xgcc42-d
clang: error: linker command failed with exit code 1 (use -v to see invocation)
configure:15704: $? = 1
configure:15689: re-using the existing conftest.o
configure:15695: g++ -o conftest -Wall -O3  -Iyes  -L/usr/libexec conftest.o -lboost_program_options-xgcc42-d  >&5
ld: library not found for -lboost_program_options-xgcc42-d
clang: error: linker command failed with exit code 1 (use -v to see invocation)
configure:15704: $? = 1
configure:15689: re-using the existing conftest.o
configure:15695: g++ -o conftest -Wall -O3  -Iyes  -L/usr/local/lib conftest.o -lboost_program_options-xgcc-mt-1_55  >&5
ld: library not found for -lboost_program_options-xgcc-mt-1_55
clang: error: linker command failed with exit code 1 (use -v to see invocation)
configure:15704: $? = 1
configure:15689: re-using the existing conftest.o
configure:15695: g++ -o conftest -Wall -O3  -Iyes  -L/usr/lib conftest.o -lboost_program_options-xgcc-mt-1_55  >&5
ld: library not found for -lboost_program_options-xgcc-mt-1_55
clang: error: linker command failed with exit code 1 (use -v to see invocation)
configure:15704: $? = 1
configure:15689: re-using the existing conftest.o
configure:15695: g++ -o conftest -Wall -O3  -Iyes  -L/usr/libexec conftest.o -lboost_program_options-xgcc-mt-1_55  >&5
ld: library not found for -lboost_program_options-xgcc-mt-1_55
clang: error: linker command failed with exit code 1 (use -v to see invocation)
configure:15704: $? = 1
configure:15689: re-using the existing conftest.o
configure:15695: g++ -o conftest -Wall -O3  -Iyes  -L/usr/local/lib conftest.o -lboost_program_options-xgcc-1_55  >&5
ld: library not found for -lboost_program_options-xgcc-1_55
clang: error: linker command failed with exit code 1 (use -v to see invocation)
configure:15704: $? = 1
configure:15689: re-using the existing conftest.o
configure:15695: g++ -o conftest -Wall -O3  -Iyes  -L/usr/lib conftest.o -lboost_program_options-xgcc-1_55  >&5
ld: library not found for -lboost_program_options-xgcc-1_55
clang: error: linker command failed with exit code 1 (use -v to see invocation)
configure:15704: $? = 1
configure:15689: re-using the existing conftest.o
configure:15695: g++ -o conftest -Wall -O3  -Iyes  -L/usr/libexec conftest.o -lboost_program_options-xgcc-1_55  >&5
ld: library not found for -lboost_program_options-xgcc-1_55
clang: error: linker command failed with exit code 1 (use -v to see invocation)
configure:15704: $? = 1
configure:15689: re-using the existing conftest.o
configure:15695: g++ -o conftest -Wall -O3  -Iyes  -L/usr/local/lib conftest.o -lboost_program_options-xgcc-mt-d-1_55  >&5
ld: library not found for -lboost_program_options-xgcc-mt-d-1_55
clang: error: linker command failed with exit code 1 (use -v to see invocation)
configure:15704: $? = 1
configure:15689: re-using the existing conftest.o
configure:15695: g++ -o conftest -Wall -O3  -Iyes  -L/usr/lib conftest.o -lboost_program_options-xgcc-mt-d-1_55  >&5
ld: library not found for -lboost_program_options-xgcc-mt-d-1_55
clang: error: linker command failed with exit code 1 (use -v to see invocation)
configure:15704: $? = 1
configure:15689: re-using the existing conftest.o
configure:15695: g++ -o conftest -Wall -O3  -Iyes  -L/usr/libexec conftest.o -lboost_program_options-xgcc-mt-d-1_55  >&5
ld: library not found for -lboost_program_options-xgcc-mt-d-1_55
clang: error: linker command failed with exit code 1 (use -v to see invocation)
configure:15704: $? = 1
configure:15689: re-using the existing conftest.o
configure:15695: g++ -o conftest -Wall -O3  -Iyes  -L/usr/local/lib conftest.o -lboost_program_options-xgcc-d-1_55  >&5
ld: library not found for -lboost_program_options-xgcc-d-1_55
clang: error: linker command failed with exit code 1 (use -v to see invocation)
configure:15704: $? = 1
configure:15689: re-using the existing conftest.o
configure:15695: g++ -o conftest -Wall -O3  -Iyes  -L/usr/lib conftest.o -lboost_program_options-xgcc-d-1_55  >&5
ld: library not found for -lboost_program_options-xgcc-d-1_55
clang: error: linker command failed with exit code 1 (use -v to see invocation)
configure:15704: $? = 1
configure:15689: re-using the existing conftest.o
configure:15695: g++ -o conftest -Wall -O3  -Iyes  -L/usr/libexec conftest.o -lboost_program_options-xgcc-d-1_55  >&5
ld: library not found for -lboost_program_options-xgcc-d-1_55
clang: error: linker command failed with exit code 1 (use -v to see invocation)
configure:15704: $? = 1
configure:15689: re-using the existing conftest.o
configure:15695: g++ -o conftest -Wall -O3  -Iyes  -L/usr/local/lib conftest.o -lboost_program_options-xgcc-mt  >&5
ld: library not found for -lboost_program_options-xgcc-mt
clang: error: linker command failed with exit code 1 (use -v to see invocation)
configure:15704: $? = 1
configure:15689: re-using the existing conftest.o
configure:15695: g++ -o conftest -Wall -O3  -Iyes  -L/usr/lib conftest.o -lboost_program_options-xgcc-mt  >&5
ld: library not found for -lboost_program_options-xgcc-mt
clang: error: linker command failed with exit code 1 (use -v to see invocation)
configure:15704: $? = 1
configure:15689: re-using the existing conftest.o
configure:15695: g++ -o conftest -Wall -O3  -Iyes  -L/usr/libexec conftest.o -lboost_program_options-xgcc-mt  >&5
ld: library not found for -lboost_program_options-xgcc-mt
clang: error: linker command failed with exit code 1 (use -v to see invocation)
configure:15704: $? = 1
configure:15689: re-using the existing conftest.o
configure:15695: g++ -o conftest -Wall -O3  -Iyes  -L/usr/local/lib conftest.o -lboost_program_options-xgcc  >&5
ld: library not found for -lboost_program_options-xgcc
clang: error: linker command failed with exit code 1 (use -v to see invocation)
configure:15704: $? = 1
configure:15689: re-using the existing conftest.o
configure:15695: g++ -o conftest -Wall -O3  -Iyes  -L/usr/lib conftest.o -lboost_program_options-xgcc  >&5
ld: library not found for -lboost_program_options-xgcc
clang: error: linker command failed with exit code 1 (use -v to see invocation)
configure:15704: $? = 1
configure:15689: re-using the existing conftest.o
configure:15695: g++ -o conftest -Wall -O3  -Iyes  -L/usr/libexec conftest.o -lboost_program_options-xgcc  >&5
ld: library not found for -lboost_program_options-xgcc
clang: error: linker command failed with exit code 1 (use -v to see invocation)
configure:15704: $? = 1
configure:15689: re-using the existing conftest.o
configure:15695: g++ -o conftest -Wall -O3  -Iyes  -L/usr/local/lib conftest.o -lboost_program_options-xgcc-mt-d  >&5
ld: library not found for -lboost_program_options-xgcc-mt-d
clang: error: linker command failed with exit code 1 (use -v to see invocation)
configure:15704: $? = 1
configure:15689: re-using the existing conftest.o
configure:15695: g++ -o conftest -Wall -O3  -Iyes  -L/usr/lib conftest.o -lboost_program_options-xgcc-mt-d  >&5
ld: library not found for -lboost_program_options-xgcc-mt-d
clang: error: linker command failed with exit code 1 (use -v to see invocation)
configure:15704: $? = 1
configure:15689: re-using the existing conftest.o
configure:15695: g++ -o conftest -Wall -O3  -Iyes  -L/usr/libexec conftest.o -lboost_program_options-xgcc-mt-d  >&5
ld: library not found for -lboost_program_options-xgcc-mt-d
clang: error: linker command failed with exit code 1 (use -v to see invocation)
configure:15704: $? = 1
configure:15689: re-using the existing conftest.o
configure:15695: g++ -o conftest -Wall -O3  -Iyes  -L/usr/local/lib conftest.o -lboost_program_options-xgcc-d  >&5
ld: library not found for -lboost_program_options-xgcc-d
clang: error: linker command failed with exit code 1 (use -v to see invocation)
configure:15704: $? = 1
configure:15689: re-using the existing conftest.o
configure:15695: g++ -o conftest -Wall -O3  -Iyes  -L/usr/lib conftest.o -lboost_program_options-xgcc-d  >&5
ld: library not found for -lboost_program_options-xgcc-d
clang: error: linker command failed with exit code 1 (use -v to see invocation)
configure:15704: $? = 1
configure:15689: re-using the existing conftest.o
configure:15695: g++ -o conftest -Wall -O3  -Iyes  -L/usr/libexec conftest.o -lboost_program_options-xgcc-d  >&5
ld: library not found for -lboost_program_options-xgcc-d
clang: error: linker command failed with exit code 1 (use -v to see invocation)
configure:15704: $? = 1
configure:15689: re-using the existing conftest.o
configure:15695: g++ -o conftest -Wall -O3  -Iyes  -L/usr/local/lib conftest.o -lboost_program_options-mt-1_55  >&5
ld: library not found for -lboost_program_options-mt-1_55
clang: error: linker command failed with exit code 1 (use -v to see invocation)
configure:15704: $? = 1
configure:15689: re-using the existing conftest.o
configure:15695: g++ -o conftest -Wall -O3  -Iyes  -L/usr/lib conftest.o -lboost_program_options-mt-1_55  >&5
ld: library not found for -lboost_program_options-mt-1_55
clang: error: linker command failed with exit code 1 (use -v to see invocation)
configure:15704: $? = 1
configure:15689: re-using the existing conftest.o
configure:15695: g++ -o conftest -Wall -O3  -Iyes  -L/usr/libexec conftest.o -lboost_program_options-mt-1_55  >&5
ld: library not found for -lboost_program_options-mt-1_55
clang: error: linker command failed with exit code 1 (use -v to see invocation)
configure:15704: $? = 1
configure:15689: re-using the existing conftest.o
configure:15695: g++ -o conftest -Wall -O3  -Iyes  -L/usr/local/lib conftest.o -lboost_program_options-1_55  >&5
ld: library not found for -lboost_program_options-1_55
clang: error: linker command failed with exit code 1 (use -v to see invocation)
configure:15704: $? = 1
configure:15689: re-using the existing conftest.o
configure:15695: g++ -o conftest -Wall -O3  -Iyes  -L/usr/lib conftest.o -lboost_program_options-1_55  >&5
ld: library not found for -lboost_program_options-1_55
clang: error: linker command failed with exit code 1 (use -v to see invocation)
configure:15704: $? = 1
configure:15689: re-using the existing conftest.o
configure:15695: g++ -o conftest -Wall -O3  -Iyes  -L/usr/libexec conftest.o -lboost_program_options-1_55  >&5
ld: library not found for -lboost_program_options-1_55
clang: error: linker command failed with exit code 1 (use -v to see invocation)
configure:15704: $? = 1
configure:15689: re-using the existing conftest.o
configure:15695: g++ -o conftest -Wall -O3  -Iyes  -L/usr/local/lib conftest.o -lboost_program_options-mt-d-1_55  >&5
ld: library not found for -lboost_program_options-mt-d-1_55
clang: error: linker command failed with exit code 1 (use -v to see invocation)
configure:15704: $? = 1
configure:15689: re-using the existing conftest.o
configure:15695: g++ -o conftest -Wall -O3  -Iyes  -L/usr/lib conftest.o -lboost_program_options-mt-d-1_55  >&5
ld: library not found for -lboost_program_options-mt-d-1_55
clang: error: linker command failed with exit code 1 (use -v to see invocation)
configure:15704: $? = 1
configure:15689: re-using the existing conftest.o
configure:15695: g++ -o conftest -Wall -O3  -Iyes  -L/usr/libexec conftest.o -lboost_program_options-mt-d-1_55  >&5
ld: library not found for -lboost_program_options-mt-d-1_55
clang: error: linker command failed with exit code 1 (use -v to see invocation)
configure:15704: $? = 1
configure:15689: re-using the existing conftest.o
configure:15695: g++ -o conftest -Wall -O3  -Iyes  -L/usr/local/lib conftest.o -lboost_program_options-d-1_55  >&5
ld: library not found for -lboost_program_options-d-1_55
clang: error: linker command failed with exit code 1 (use -v to see invocation)
configure:15704: $? = 1
configure:15689: re-using the existing conftest.o
configure:15695: g++ -o conftest -Wall -O3  -Iyes  -L/usr/lib conftest.o -lboost_program_options-d-1_55  >&5
ld: library not found for -lboost_program_options-d-1_55
clang: error: linker command failed with exit code 1 (use -v to see invocation)
configure:15704: $? = 1
configure:15689: re-using the existing conftest.o
configure:15695: g++ -o conftest -Wall -O3  -Iyes  -L/usr/libexec conftest.o -lboost_program_options-d-1_55  >&5
ld: library not found for -lboost_program_options-d-1_55
clang: error: linker command failed with exit code 1 (use -v to see invocation)
configure:15704: $? = 1
configure:15689: re-using the existing conftest.o
configure:15695: g++ -o conftest -Wall -O3  -Iyes  -L/usr/local/lib conftest.o -lboost_program_options-mt  >&5
configure:15704: $? = 0
configure:15745: re-using the existing conftest.o
configure:15751: g++ -o conftest -Wall -O3  -Iyes  -L/usr/local/lib -Wl,-R,/usr/local/lib conftest.o  -lboost_program_options-mt >&5
ld: unknown option: -R
clang: error: linker command failed with exit code 1 (use -v to see invocation)
configure:15760: $? = 1
configure:15745: re-using the existing conftest.o
configure:15751: g++ -o conftest -Wall -O3  -Iyes  -L/usr/local/lib -Wl,-rpath,/usr/local/lib conftest.o  -lboost_program_options-mt >&5
configure:15760: $? = 0
configure:15806: result: yes
configure:15830: checking for main in -lboost_program_options
configure:15849: gcc -o conftest -g -O2   conftest.c -lboost_program_options   >&5
configure:15849: $? = 0
configure:15858: result: yes
configure:15870: checking for main in -lhdf5
configure:15889: gcc -o conftest -g -O2   conftest.c -lhdf5  -lboost_program_options  >&5
configure:15889: $? = 0
configure:15898: result: yes
configure:15913: checking for main in -lhdf5_cpp
configure:15932: gcc -o conftest -g -O2   conftest.c -lhdf5_cpp  -lhdf5 -lboost_program_options  >&5
configure:15932: $? = 0
configure:15941: result: yes
configure:15956: checking for main in -lhdf5_hl_cpp
configure:15975: gcc -o conftest -g -O2   conftest.c -lhdf5_hl_cpp  -lhdf5_cpp -lhdf5 -lboost_program_options  >&5
configure:15975: $? = 0
configure:15984: result: yes
configure:15999: checking for main in -lm
configure:16018: gcc -o conftest -g -O2   conftest.c -lm  -lhdf5_hl_cpp -lhdf5_cpp -lhdf5 -lboost_program_options  >&5
configure:16018: $? = 0
configure:16027: result: yes
configure:16042: checking for main in -lz
configure:16061: gcc -o conftest -g -O2   conftest.c -lz  -lm -lhdf5_hl_cpp -lhdf5_cpp -lhdf5 -lboost_program_options  >&5
configure:16061: $? = 0
configure:16070: result: yes
configure:16084: checking for sgemv in -lblas
configure:16109: gcc -o conftest -g -O2   conftest.c -lblas  -lz -lm -lhdf5_hl_cpp -lhdf5_cpp -lhdf5 -lboost_program_options  >&5
configure:16109: $? = 0
configure:16118: result: yes
configure:16135: checking for stdbool.h that conforms to C99
configure:16202: gcc -c -g -O2  conftest.c >&5
configure:16202: $? = 0
configure:16209: result: yes
configure:16211: checking for _Bool
configure:16211: gcc -c -g -O2  conftest.c >&5
configure:16211: $? = 0
configure:16211: gcc -c -g -O2  conftest.c >&5
conftest.c:68:20: error: expected expression
if (sizeof ((_Bool)))
                   ^
1 error generated.
configure:16211: $? = 1
configure: failed program was:
| /* confdefs.h */
| #define PACKAGE_NAME "wham"
| #define PACKAGE_TARNAME "wham"
| #define PACKAGE_VERSION "2.0"
| #define PACKAGE_STRING "wham 2.0"
| #define PACKAGE_BUGREPORT "drew.w.ritchie@gmail.com"
| #define PACKAGE_URL ""
| #define PACKAGE "wham"
| #define VERSION "2.0"
| #define STDC_HEADERS 1
| #define HAVE_SYS_TYPES_H 1
| #define HAVE_SYS_STAT_H 1
| #define HAVE_STDLIB_H 1
| #define HAVE_STRING_H 1
| #define HAVE_MEMORY_H 1
| #define HAVE_STRINGS_H 1
| #define HAVE_INTTYPES_H 1
| #define HAVE_STDINT_H 1
| #define HAVE_UNISTD_H 1
| #define HAVE_DLFCN_H 1
| #define LT_OBJDIR ".libs/"
| #define HAVE_BOOST 1
| #define HAVE_BOOST_PROGRAM_OPTIONS_HPP 1
| #define HAVE_LIBBOOST_PROGRAM_OPTIONS 1
| #define HAVE_LIBHDF5 1
| #define HAVE_LIBHDF5_CPP 1
| #define HAVE_LIBHDF5_HL_CPP 1
| #define HAVE_LIBM 1
| #define HAVE_LIBZ 1
| #define HAVE_LIBBLAS 1
| /* end confdefs.h.  */
| #include <stdio.h>
| #ifdef HAVE_SYS_TYPES_H
| # include <sys/types.h>
| #endif
| #ifdef HAVE_SYS_STAT_H
| # include <sys/stat.h>
| #endif
| #ifdef STDC_HEADERS
| # include <stdlib.h>
| # include <stddef.h>
| #else
| # ifdef HAVE_STDLIB_H
| #  include <stdlib.h>
| # endif
| #endif
| #ifdef HAVE_STRING_H
| # if !defined STDC_HEADERS && defined HAVE_MEMORY_H
| #  include <memory.h>
| # endif
| # include <string.h>
| #endif
| #ifdef HAVE_STRINGS_H
| # include <strings.h>
| #endif
| #ifdef HAVE_INTTYPES_H
| # include <inttypes.h>
| #endif
| #ifdef HAVE_STDINT_H
| # include <stdint.h>
| #endif
| #ifdef HAVE_UNISTD_H
| # include <unistd.h>
| #endif
| int
| main ()
| {
| if (sizeof ((_Bool)))
| 	    return 0;
|   ;
|   return 0;
| }
configure:16211: result: yes
configure:16222: checking for size_t
configure:16222: gcc -c -g -O2  conftest.c >&5
configure:16222: $? = 0
configure:16222: gcc -c -g -O2  conftest.c >&5
conftest.c:69:21: error: expected expression
if (sizeof ((size_t)))
                    ^
1 error generated.
configure:16222: $? = 1
configure: failed program was:
| /* confdefs.h */
| #define PACKAGE_NAME "wham"
| #define PACKAGE_TARNAME "wham"
| #define PACKAGE_VERSION "2.0"
| #define PACKAGE_STRING "wham 2.0"
| #define PACKAGE_BUGREPORT "drew.w.ritchie@gmail.com"
| #define PACKAGE_URL ""
| #define PACKAGE "wham"
| #define VERSION "2.0"
| #define STDC_HEADERS 1
| #define HAVE_SYS_TYPES_H 1
| #define HAVE_SYS_STAT_H 1
| #define HAVE_STDLIB_H 1
| #define HAVE_STRING_H 1
| #define HAVE_MEMORY_H 1
| #define HAVE_STRINGS_H 1
| #define HAVE_INTTYPES_H 1
| #define HAVE_STDINT_H 1
| #define HAVE_UNISTD_H 1
| #define HAVE_DLFCN_H 1
| #define LT_OBJDIR ".libs/"
| #define HAVE_BOOST 1
| #define HAVE_BOOST_PROGRAM_OPTIONS_HPP 1
| #define HAVE_LIBBOOST_PROGRAM_OPTIONS 1
| #define HAVE_LIBHDF5 1
| #define HAVE_LIBHDF5_CPP 1
| #define HAVE_LIBHDF5_HL_CPP 1
| #define HAVE_LIBM 1
| #define HAVE_LIBZ 1
| #define HAVE_LIBBLAS 1
| #define HAVE__BOOL 1
| /* end confdefs.h.  */
| #include <stdio.h>
| #ifdef HAVE_SYS_TYPES_H
| # include <sys/types.h>
| #endif
| #ifdef HAVE_SYS_STAT_H
| # include <sys/stat.h>
| #endif
| #ifdef STDC_HEADERS
| # include <stdlib.h>
| # include <stddef.h>
| #else
| # ifdef HAVE_STDLIB_H
| #  include <stdlib.h>
| # endif
| #endif
| #ifdef HAVE_STRING_H
| # if !defined STDC_HEADERS && defined HAVE_MEMORY_H
| #  include <memory.h>
| # endif
| # include <string.h>
| #endif
| #ifdef HAVE_STRINGS_H
| # include <strings.h>
| #endif
| #ifdef HAVE_INTTYPES_H
| # include <inttypes.h>
| #endif
| #ifdef HAVE_STDINT_H
| # include <stdint.h>
| #endif
| #ifdef HAVE_UNISTD_H
| # include <unistd.h>
| #endif
| int
| main ()
| {
| if (sizeof ((size_t)))
| 	    return 0;
|   ;
|   return 0;
| }
configure:16222: result: yes
configure:16385: checking that generated files are newer than configure
configure:16391: result: done
configure:16418: creating ./config.status

## ---------------------- ##
## Running config.status. ##
## ---------------------- ##

This file was extended by wham config.status 2.0, which was
generated by GNU Autoconf 2.69.  Invocation command line was

  CONFIG_FILES    = 
  CONFIG_HEADERS  = 
  CONFIG_LINKS    = 
  CONFIG_COMMANDS = 
  $ ./config.status 

on wireless-10-147-98-144.public.utexas.edu

config.status:1073: creating src/Makefile
config.status:1073: creating tools/Makefile
config.status:1073: creating Makefile
config.status:1245: executing depfiles commands
config.status:1245: executing libtool commands

## ---------------- ##
## Cache variables. ##
## ---------------- ##

ac_cv_build=x86_64-apple-darwin13.1.0
ac_cv_c_compiler_gnu=yes
ac_cv_cxx_compiler_gnu=yes
ac_cv_env_BOOST_ROOT_set=
ac_cv_env_BOOST_ROOT_value=
ac_cv_env_CCC_set=
ac_cv_env_CCC_value=
ac_cv_env_CC_set=
ac_cv_env_CC_value=
ac_cv_env_CFLAGS_set=
ac_cv_env_CFLAGS_value=
ac_cv_env_CPPFLAGS_set=
ac_cv_env_CPPFLAGS_value=
ac_cv_env_CPP_set=
ac_cv_env_CPP_value=
ac_cv_env_CXXCPP_set=
ac_cv_env_CXXCPP_value=
ac_cv_env_CXXFLAGS_set=
ac_cv_env_CXXFLAGS_value=
ac_cv_env_CXX_set=
ac_cv_env_CXX_value=
ac_cv_env_LDFLAGS_set=
ac_cv_env_LDFLAGS_value=
ac_cv_env_LIBS_set=
ac_cv_env_LIBS_value=
ac_cv_env_build_alias_set=
ac_cv_env_build_alias_value=
ac_cv_env_host_alias_set=
ac_cv_env_host_alias_value=
ac_cv_env_target_alias_set=
ac_cv_env_target_alias_value=
ac_cv_header_boost_program_options_hpp=yes
ac_cv_header_dlfcn_h=yes
ac_cv_header_inttypes_h=yes
ac_cv_header_memory_h=yes
ac_cv_header_stdbool_h=yes
ac_cv_header_stdc=yes
ac_cv_header_stdint_h=yes
ac_cv_header_stdlib_h=yes
ac_cv_header_string_h=yes
ac_cv_header_strings_h=yes
ac_cv_header_sys_stat_h=yes
ac_cv_header_sys_types_h=yes
ac_cv_header_unistd_h=yes
ac_cv_host=x86_64-apple-darwin13.1.0
ac_cv_lib_blas_sgemv=yes
ac_cv_lib_boost_program_options_main=yes
ac_cv_lib_hdf5_cpp_main=yes
ac_cv_lib_hdf5_hl_cpp_main=yes
ac_cv_lib_hdf5_main=yes
ac_cv_lib_m_main=yes
ac_cv_lib_z_main=yes
ac_cv_objext=o
ac_cv_path_EGREP='/usr/bin/grep -E'
ac_cv_path_FGREP='/usr/bin/grep -F'
ac_cv_path_GREP=/usr/bin/grep
ac_cv_path_SED=/usr/bin/sed
ac_cv_path_install='/usr/bin/install -c'
ac_cv_prog_AWK=awk
ac_cv_prog_CPP='gcc -E'
ac_cv_prog_CXXCPP='g++ -E'
ac_cv_prog_ac_ct_AR=ar
ac_cv_prog_ac_ct_CC=gcc
ac_cv_prog_ac_ct_CXX=g++
ac_cv_prog_ac_ct_DSYMUTIL=dsymutil
ac_cv_prog_ac_ct_LIPO=lipo
ac_cv_prog_ac_ct_NMEDIT=nmedit
ac_cv_prog_ac_ct_OTOOL=otool
ac_cv_prog_ac_ct_RANLIB=ranlib
ac_cv_prog_ac_ct_STRIP=strip
ac_cv_prog_cc_c89=
ac_cv_prog_cc_g=yes
ac_cv_prog_cxx_g=yes
ac_cv_prog_make_make_set=yes
ac_cv_type__Bool=yes
ac_cv_type_size_t=yes
am_cv_CC_dependencies_compiler_type=gcc3
am_cv_CXX_dependencies_compiler_type=gcc3
am_cv_make_support_nested_variables=yes
am_cv_prog_cc_c_o=yes
boost_cv_inc_path=yes
boost_cv_lib_program_options=yes
boost_cv_lib_program_options_LDFLAGS='-L/usr/local/lib -Wl,-rpath,/usr/local/lib'
boost_cv_lib_program_options_LDPATH=/usr/local/lib
boost_cv_lib_program_options_LIBS=-lboost_program_options-mt
boost_cv_lib_tag='xgcc42 -xgcc'
boost_cv_lib_version=1_55
boost_cv_rpath_link_ldflag=-Wl,-rpath,
lt_cv_apple_cc_single_mod=yes
lt_cv_ar_at_file=no
lt_cv_deplibs_check_method=pass_all
lt_cv_file_magic_cmd='$MAGIC_CMD'
lt_cv_file_magic_test_file=
lt_cv_ld_exported_symbols_list=yes
lt_cv_ld_force_load=yes
lt_cv_ld_reload_flag=-r
lt_cv_nm_interface='BSD nm'
lt_cv_objdir=.libs
lt_cv_path_LD=/Applications/Xcode.app/Contents/Developer/Toolchains/XcodeDefault.xctoolchain/usr/bin/ld
lt_cv_path_LDCXX=/Applications/Xcode.app/Contents/Developer/Toolchains/XcodeDefault.xctoolchain/usr/bin/ld
lt_cv_path_NM=/usr/bin/nm
lt_cv_path_mainfest_tool=no
lt_cv_prog_compiler_c_o=yes
lt_cv_prog_compiler_c_o_CXX=yes
lt_cv_prog_compiler_pic='-fno-common -DPIC'
lt_cv_prog_compiler_pic_CXX='-fno-common -DPIC'
lt_cv_prog_compiler_pic_works=yes
lt_cv_prog_compiler_pic_works_CXX=yes
lt_cv_prog_compiler_rtti_exceptions=yes
lt_cv_prog_compiler_static_works=no
lt_cv_prog_compiler_static_works_CXX=no
lt_cv_prog_gnu_ld=no
lt_cv_prog_gnu_ldcxx=no
lt_cv_sharedlib_from_linklib_cmd='printf %s\n'
lt_cv_sys_global_symbol_pipe='sed -n -e '\''s/^.*[	 ]\([BCDEGRST][BCDEGRST]*\)[	 ][	 ]*_\([_A-Za-z][_A-Za-z0-9]*\)$/\1 _\2 \2/p'\'' | sed '\''/ __gnu_lto/d'\'''
lt_cv_sys_global_symbol_to_c_name_address='sed -n -e '\''s/^: \([^ ]*\)[ ]*$/  {\"\1\", (void *) 0},/p'\'' -e '\''s/^[BCDEGRST]* \([^ ]*\) \([^ ]*\)$/  {"\2", (void *) \&\2},/p'\'''
lt_cv_sys_global_symbol_to_c_name_address_lib_prefix='sed -n -e '\''s/^: \([^ ]*\)[ ]*$/  {\"\1\", (void *) 0},/p'\'' -e '\''s/^[BCDEGRST]* \([^ ]*\) \(lib[^ ]*\)$/  {"\2", (void *) \&\2},/p'\'' -e '\''s/^[BCDEGRST]* \([^ ]*\) \([^ ]*\)$/  {"lib\2", (void *) \&\2},/p'\'''
lt_cv_sys_global_symbol_to_cdecl='sed -n -e '\''s/^T .* \(.*\)$/extern int \1();/p'\'' -e '\''s/^[BCDEGRST]* .* \(.*\)$/extern char \1;/p'\'''
lt_cv_sys_max_cmd_len=196608
lt_cv_to_host_file_cmd=func_convert_file_noop
lt_cv_to_tool_file_cmd=func_convert_file_noop

## ----------------- ##
## Output variables. ##
## ----------------- ##

ACLOCAL='${SHELL} /Users/ritchie/software/wham/wham-2.0/missing aclocal-1.14'
AMDEPBACKSLASH='\'
AMDEP_FALSE='#'
AMDEP_TRUE=''
AMTAR='$${TAR-tar}'
AM_BACKSLASH='\'
AM_DEFAULT_V='$(AM_DEFAULT_VERBOSITY)'
AM_DEFAULT_VERBOSITY='1'
AM_V='$(V)'
AR='ar'
AUTOCONF='${SHELL} /Users/ritchie/software/wham/wham-2.0/missing autoconf'
AUTOHEADER='${SHELL} /Users/ritchie/software/wham/wham-2.0/missing autoheader'
AUTOMAKE='${SHELL} /Users/ritchie/software/wham/wham-2.0/missing automake-1.14'
AWK='awk'
BOOST_CPPFLAGS='-Iyes'
BOOST_LDPATH='/usr/local/lib'
BOOST_PROGRAM_OPTIONS_LDFLAGS='-L/usr/local/lib -Wl,-rpath,/usr/local/lib'
BOOST_PROGRAM_OPTIONS_LDPATH='/usr/local/lib'
BOOST_PROGRAM_OPTIONS_LIBS='-lboost_program_options-mt'
BOOST_ROOT=''
CC='gcc'
CCDEPMODE='depmode=gcc3'
CFLAGS='-g -O2'
CPP='gcc -E'
CPPFLAGS=''
CXX='g++'
CXXCPP='g++ -E'
CXXDEPMODE='depmode=gcc3'
CXXFLAGS='-Wall -O3'
CYGPATH_W='echo'
DEFS='-DPACKAGE_NAME=\"wham\" -DPACKAGE_TARNAME=\"wham\" -DPACKAGE_VERSION=\"2.0\" -DPACKAGE_STRING=\"wham\ 2.0\" -DPACKAGE_BUGREPORT=\"drew.w.ritchie@gmail.com\" -DPACKAGE_URL=\"\" -DPACKAGE=\"wham\" -DVERSION=\"2.0\" -DSTDC_HEADERS=1 -DHAVE_SYS_TYPES_H=1 -DHAVE_SYS_STAT_H=1 -DHAVE_STDLIB_H=1 -DHAVE_STRING_H=1 -DHAVE_MEMORY_H=1 -DHAVE_STRINGS_H=1 -DHAVE_INTTYPES_H=1 -DHAVE_STDINT_H=1 -DHAVE_UNISTD_H=1 -DHAVE_DLFCN_H=1 -DLT_OBJDIR=\".libs/\" -DHAVE_BOOST=1 -DHAVE_BOOST_PROGRAM_OPTIONS_HPP=1 -DHAVE_LIBBOOST_PROGRAM_OPTIONS=1 -DHAVE_LIBHDF5=1 -DHAVE_LIBHDF5_CPP=1 -DHAVE_LIBHDF5_HL_CPP=1 -DHAVE_LIBM=1 -DHAVE_LIBZ=1 -DHAVE_LIBBLAS=1 -DHAVE__BOOL=1'
DEPDIR='.deps'
DISTCHECK_CONFIGURE_FLAGS=' '\''--with-boost='\'''
DLLTOOL='false'
DSYMUTIL='dsymutil'
DUMPBIN=''
ECHO_C='\c'
ECHO_N=''
ECHO_T=''
EGREP='/usr/bin/grep -E'
EXEEXT=''
FGREP='/usr/bin/grep -F'
GREP='/usr/bin/grep'
INSTALL_DATA='${INSTALL} -m 644'
INSTALL_PROGRAM='${INSTALL}'
INSTALL_SCRIPT='${INSTALL}'
INSTALL_STRIP_PROGRAM='$(install_sh) -c -s'
LD='/Applications/Xcode.app/Contents/Developer/Toolchains/XcodeDefault.xctoolchain/usr/bin/ld'
LDFLAGS=''
LIBOBJS=''
LIBS='-lblas -lz -lm -lhdf5_hl_cpp -lhdf5_cpp -lhdf5 -lboost_program_options '
LIBTOOL='$(SHELL) $(top_builddir)/libtool'
LIPO='lipo'
LN_S='ln -s'
LTLIBOBJS=''
MAKEINFO='${SHELL} /Users/ritchie/software/wham/wham-2.0/missing makeinfo'
MANIFEST_TOOL=':'
MKDIR_P='./install-sh -c -d'
NM='/usr/bin/nm'
NMEDIT='nmedit'
OBJDUMP='false'
OBJEXT='o'
OTOOL64=':'
OTOOL='otool'
PACKAGE='wham'
PACKAGE_BUGREPORT='drew.w.ritchie@gmail.com'
PACKAGE_NAME='wham'
PACKAGE_STRING='wham 2.0'
PACKAGE_TARNAME='wham'
PACKAGE_URL=''
PACKAGE_VERSION='2.0'
PATH_SEPARATOR=':'
RANLIB='ranlib'
SED='/usr/bin/sed'
SET_MAKE=''
SHELL='/bin/sh'
STRIP='strip'
VERSION='2.0'
ac_ct_AR='ar'
ac_ct_CC='gcc'
ac_ct_CXX='g++'
ac_ct_DUMPBIN=''
am__EXEEXT_FALSE=''
am__EXEEXT_TRUE='#'
am__fastdepCC_FALSE='#'
am__fastdepCC_TRUE=''
am__fastdepCXX_FALSE='#'
am__fastdepCXX_TRUE=''
am__include='include'
am__isrc=''
am__leading_dot='.'
am__nodep='_no'
am__quote=''
am__tar='$${TAR-tar} chof - "$$tardir"'
am__untar='$${TAR-tar} xf -'
bindir='${exec_prefix}/bin'
build='x86_64-apple-darwin13.1.0'
build_alias=''
build_cpu='x86_64'
build_os='darwin13.1.0'
build_vendor='apple'
datadir='${datarootdir}'
datarootdir='${prefix}/share'
docdir='${datarootdir}/doc/${PACKAGE_TARNAME}'
dvidir='${docdir}'
exec_prefix='${prefix}'
host='x86_64-apple-darwin13.1.0'
host_alias=''
host_cpu='x86_64'
host_os='darwin13.1.0'
host_vendor='apple'
htmldir='${docdir}'
includedir='${prefix}/include'
infodir='${datarootdir}/info'
install_sh='${SHELL} /Users/ritchie/software/wham/wham-2.0/install-sh'
libdir='${exec_prefix}/lib'
libexecdir='${exec_prefix}/libexec'
localedir='${datarootdir}/locale'
localstatedir='${prefix}/var'
mandir='${datarootdir}/man'
mkdir_p='$(MKDIR_P)'
oldincludedir='/usr/include'
pdfdir='${docdir}'
prefix='/usr/local'
program_transform_name='s,x,x,'
psdir='${docdir}'
sbindir='${exec_prefix}/sbin'
sharedstatedir='${prefix}/com'
sysconfdir='${prefix}/etc'
target_alias=''

## ----------- ##
## confdefs.h. ##
## ----------- ##

/* confdefs.h */
#define PACKAGE_NAME "wham"
#define PACKAGE_TARNAME "wham"
#define PACKAGE_VERSION "2.0"
#define PACKAGE_STRING "wham 2.0"
#define PACKAGE_BUGREPORT "drew.w.ritchie@gmail.com"
#define PACKAGE_URL ""
#define PACKAGE "wham"
#define VERSION "2.0"
#define STDC_HEADERS 1
#define HAVE_SYS_TYPES_H 1
#define HAVE_SYS_STAT_H 1
#define HAVE_STDLIB_H 1
#define HAVE_STRING_H 1
#define HAVE_MEMORY_H 1
#define HAVE_STRINGS_H 1
#define HAVE_INTTYPES_H 1
#define HAVE_STDINT_H 1
#define HAVE_UNISTD_H 1
#define HAVE_DLFCN_H 1
#define LT_OBJDIR ".libs/"
#define HAVE_BOOST 1
#define HAVE_BOOST_PROGRAM_OPTIONS_HPP 1
#define HAVE_LIBBOOST_PROGRAM_OPTIONS 1
#define HAVE_LIBHDF5 1
#define HAVE_LIBHDF5_CPP 1
#define HAVE_LIBHDF5_HL_CPP 1
#define HAVE_LIBM 1
#define HAVE_LIBZ 1
#define HAVE_LIBBLAS 1
#define HAVE__BOOL 1

configure: exit 0
